	... 13 common frames omitted
2026-03-28 15:18:26 [org.springframework.amqp.rabbit.RabbitListenerEndpointContainer#1-3] DEBUG o.s.a.r.l.BlockingQueueConsumer - Rejecting messages (requeue=true)
2026-03-28 15:18:26 [pool-2-thread-10] DEBUG o.s.a.r.l.BlockingQueueConsumer - Storing delivery for consumerTag: 'amq.ctag-qG371ppRx0VaNFclzvm8mg' with deliveryTag: '2989' in Consumer@ddca64d: tags=[[amq.ctag-qG371ppRx0VaNFclzvm8mg]], channel=Cached Rabbit Channel: AMQChannel(amqp://admin@172.18.0.3:5672/,9), conn: Proxy@67f07fa1 Shared Rabbit Connection: SimpleConnection@9a88a92 [delegate=amqp://admin@172.18.0.3:5672/, localPort=45436], acknowledgeMode=AUTO local queue size=0
2026-03-28 15:18:26 [org.springframework.amqp.rabbit.RabbitListenerEndpointContainer#1-4] DEBUG o.s.a.r.l.BlockingQueueConsumer - Received message: (Body:'[serialized object]' MessageProperties [headers={}, contentType=application/x-java-serialized-object, contentLength=0, receivedDeliveryMode=PERSISTENT, priority=0, redelivered=true, receivedExchange=risk.exchange, receivedRoutingKey=risk.result, deliveryTag=2989, consumerTag=amq.ctag-qG371ppRx0VaNFclzvm8mg, consumerQueue=risk.result.queue])
2026-03-28 15:18:26 [org.springframework.amqp.rabbit.RabbitListenerEndpointContainer#1-4] WARN  o.s.a.r.l.ConditionalRejectingErrorHandler - Execution of Rabbit message listener failed.
org.springframework.amqp.rabbit.support.ListenerExecutionFailedException: Failed to convert message
	at org.springframework.amqp.rabbit.listener.adapter.MessagingMessageListenerAdapter.onMessage(MessagingMessageListenerAdapter.java:158)
	at org.springframework.amqp.rabbit.listener.AbstractMessageListenerContainer.doInvokeListener(AbstractMessageListenerContainer.java:1682)
	at org.springframework.amqp.rabbit.listener.AbstractMessageListenerContainer.actualInvokeListener(AbstractMessageListenerContainer.java:1604)
	at org.springframework.amqp.rabbit.listener.AbstractMessageListenerContainer.invokeListener(AbstractMessageListenerContainer.java:1592)
	at org.springframework.amqp.rabbit.listener.AbstractMessageListenerContainer.doExecuteListener(AbstractMessageListenerContainer.java:1583)
	at org.springframework.amqp.rabbit.listener.AbstractMessageListenerContainer.executeListenerAndHandleException(AbstractMessageListenerContainer.java:1528)
	at org.springframework.amqp.rabbit.listener.AbstractMessageListenerContainer.lambda$executeListener$8(AbstractMessageListenerContainer.java:1506)
	at io.micrometer.observation.Observation.observe(Observation.java:499)
	at org.springframework.amqp.rabbit.listener.AbstractMessageListenerContainer.executeListener(AbstractMessageListenerContainer.java:1506)
	at org.springframework.amqp.rabbit.listener.SimpleMessageListenerContainer.doReceiveAndExecute(SimpleMessageListenerContainer.java:1082)
	at org.springframework.amqp.rabbit.listener.SimpleMessageListenerContainer.receiveAndExecute(SimpleMessageListenerContainer.java:1018)
	at org.springframework.amqp.rabbit.listener.SimpleMessageListenerContainer$AsyncMessageProcessingConsumer.mainLoop(SimpleMessageListenerContainer.java:1420)
	at org.springframework.amqp.rabbit.listener.SimpleMessageListenerContainer$AsyncMessageProcessingConsumer.run(SimpleMessageListenerContainer.java:1322)
	at java.base/java.lang.Thread.run(Unknown Source)
Caused by: java.lang.SecurityException: Attempt to deserialize unauthorized class com.example.loanriskevaluationsystem.riskevaluation.dto.response.RiskEvaluationResponse; add allowed class name patterns to the message converter or, if you trust the message originator, set environment variable 'SPRING_AMQP_DESERIALIZATION_TRUST_ALL' or system property 'spring.amqp.deserialization.trust.all' to true
	at org.springframework.amqp.utils.SerializationUtils.checkAllowedList(SerializationUtils.java:164)
	at org.springframework.amqp.support.converter.AllowedListDeserializingMessageConverter.checkAllowedList(AllowedListDeserializingMessageConverter.java:61)
	at org.springframework.amqp.support.converter.SerializerMessageConverter$1.resolveClass(SerializerMessageConverter.java:170)
	at java.base/java.io.ObjectInputStream.readNonProxyDesc(Unknown Source)
	at java.base/java.io.ObjectInputStream.readClassDesc(Unknown Source)
	at java.base/java.io.ObjectInputStream.readOrdinaryObject(Unknown Source)
	at java.base/java.io.ObjectInputStream.readObject0(Unknown Source)
	at java.base/java.io.ObjectInputStream.readObject(Unknown Source)
	at java.base/java.io.ObjectInputStream.readObject(Unknown Source)
	at org.springframework.amqp.support.converter.SerializerMessageConverter.deserialize(SerializerMessageConverter.java:175)
	at org.springframework.amqp.support.converter.SerializerMessageConverter.deserialize(SerializerMessageConverter.java:138)
	at org.springframework.amqp.support.converter.SerializerMessageConverter.fromMessage(SerializerMessageConverter.java:125)
	at org.springframework.amqp.rabbit.listener.adapter.AbstractAdaptableMessageListener.extractMessage(AbstractAdaptableMessageListener.java:342)
	at org.springframework.amqp.rabbit.listener.adapter.MessagingMessageListenerAdapter$MessagingMessageConverterAdapter.extractPayload(MessagingMessageListenerAdapter.java:386)
	at org.springframework.amqp.support.converter.MessagingMessageConverter.fromMessage(MessagingMessageConverter.java:132)
	at org.springframework.amqp.rabbit.listener.adapter.MessagingMessageListenerAdapter.toMessagingMessage(MessagingMessageListenerAdapter.java:259)
	at org.springframework.amqp.rabbit.listener.adapter.MessagingMessageListenerAdapter.onMessage(MessagingMessageListenerAdapter.java:148)
	... 13 common frames omitted
2026-03-28 15:18:26 [org.springframework.amqp.rabbit.RabbitListenerEndpointContainer#1-4] DEBUG o.s.a.r.l.BlockingQueueConsumer - Rejecting messages (requeue=true)
