2026-03-28 15:12:32 [org.springframework.amqp.rabbit.RabbitListenerEndpointContainer#0-5] DEBUG o.s.a.r.l.BlockingQueueConsumer - Received message: (Body:'[B@d30cdb4(byte[280])' MessageProperties [headers={}, contentType=text/plain, contentEncoding=UTF-8, contentLength=0, receivedDeliveryMode=PERSISTENT, priority=0, redelivered=false, receivedExchange=loan.exchange, receivedRoutingKey=loan.evaluation, deliveryTag=1, consumerTag=amq.ctag-MvLzmTtuauT6R-wNk2CeWg, consumerQueue=risk.evaluation.queue])
2026-03-28 15:12:32 [org.springframework.amqp.rabbit.RabbitListenerEndpointContainer#0-5] DEBUG o.s.a.r.l.a.MessagingMessageListenerAdapter - Processing [GenericMessage [payload={"event_id":"a9755f0c-e0b0-4df9-aa54-26a63a498a93","loan_application_id":"1","customer_id":"123456","requested_amount":10000.00,"credit_score":720,"monthly_income":2500.00,"existing_debt":500.00,"timestamp":"2026-03-28T15:12:31.981076228","event_type":"RISK_EVALUATION_REQUESTED"}, headers={amqp_receivedDeliveryMode=PERSISTENT, amqp_receivedRoutingKey=loan.evaluation, amqp_contentEncoding=UTF-8, amqp_receivedExchange=loan.exchange, amqp_deliveryTag=1, amqp_consumerQueue=risk.evaluation.queue, amqp_redelivered=false, id=c53581e5-9b31-cb35-86c9-a70f7547c28b, amqp_consumerTag=amq.ctag-MvLzmTtuauT6R-wNk2CeWg, amqp_lastInBatch=false, contentType=text/plain, timestamp=1774710752051}]]
2026-03-28 15:12:32 [org.springframework.amqp.rabbit.RabbitListenerEndpointContainer#0-5] INFO  c.e.l.r.m.RiskEvaluationListener - Received message from queue
2026-03-28 15:12:32 [org.springframework.amqp.rabbit.RabbitListenerEndpointContainer#0-5] ERROR c.e.l.r.m.RiskEvaluationListener - Failed to deserialize message: {"event_id":"a9755f0c-e0b0-4df9-aa54-26a63a498a93","loan_application_id":"1","customer_id":"123456","requested_amount":10000.00,"credit_score":720,"monthly_income":2500.00,"existing_debt":500.00,"timestamp":"2026-03-28T15:12:31.981076228","event_type":"RISK_EVALUATION_REQUESTED"}
com.fasterxml.jackson.databind.exc.InvalidDefinitionException: Cannot construct instance of `com.example.loanriskevaluationsystem.shared.event.LoanApplicationEvent` (no Creators, like default constructor, exist): cannot deserialize from Object value (no delegate- or property-based Creator)
 at [Source: (String)"{"event_id":"a9755f0c-e0b0-4df9-aa54-26a63a498a93","loan_application_id":"1","customer_id":"123456","requested_amount":10000.00,"credit_score":720,"monthly_income":2500.00,"existing_debt":500.00,"timestamp":"2026-03-28T15:12:31.981076228","event_type":"RISK_EVALUATION_REQUESTED"}"; line: 1, column: 2]
	at com.fasterxml.jackson.databind.exc.InvalidDefinitionException.from(InvalidDefinitionException.java:67)
	at com.fasterxml.jackson.databind.DeserializationContext.reportBadDefinition(DeserializationContext.java:1915)
	at com.fasterxml.jackson.databind.DatabindContext.reportBadDefinition(DatabindContext.java:414)
	at com.fasterxml.jackson.databind.DeserializationContext.handleMissingInstantiator(DeserializationContext.java:1360)
	at com.fasterxml.jackson.databind.deser.BeanDeserializerBase.deserializeFromObjectUsingNonDefault(BeanDeserializerBase.java:1434)
	at com.fasterxml.jackson.databind.deser.BeanDeserializer.deserializeFromObject(BeanDeserializer.java:352)
	at com.fasterxml.jackson.databind.deser.BeanDeserializer.deserialize(BeanDeserializer.java:185)
	at com.fasterxml.jackson.databind.deser.DefaultDeserializationContext.readRootValue(DefaultDeserializationContext.java:323)
	at com.fasterxml.jackson.databind.ObjectMapper._readMapAndClose(ObjectMapper.java:4825)
	at com.fasterxml.jackson.databind.ObjectMapper.readValue(ObjectMapper.java:3772)
	at com.fasterxml.jackson.databind.ObjectMapper.readValue(ObjectMapper.java:3740)
	at com.example.loanriskevaluationsystem.riskevaluation.messaging.RiskEvaluationListener.handle(RiskEvaluationListener.java:26)
	at java.base/jdk.internal.reflect.DirectMethodHandleAccessor.invoke(Unknown Source)
	at java.base/java.lang.reflect.Method.invoke(Unknown Source)
	at org.springframework.messaging.handler.invocation.InvocableHandlerMethod.doInvoke(InvocableHandlerMethod.java:169)
	at org.springframework.amqp.rabbit.listener.adapter.KotlinAwareInvocableHandlerMethod.doInvoke(KotlinAwareInvocableHandlerMethod.java:45)
	at org.springframework.messaging.handler.invocation.InvocableHandlerMethod.invoke(InvocableHandlerMethod.java:119)
	at org.springframework.amqp.rabbit.listener.adapter.HandlerAdapter.invoke(HandlerAdapter.java:75)
	at org.springframework.amqp.rabbit.listener.adapter.MessagingMessageListenerAdapter.invokeHandler(MessagingMessageListenerAdapter.java:278)
	at org.springframework.amqp.rabbit.listener.adapter.MessagingMessageListenerAdapter.invokeHandlerAndProcessResult(MessagingMessageListenerAdapter.java:225)
	at org.springframework.amqp.rabbit.listener.adapter.MessagingMessageListenerAdapter.onMessage(MessagingMessageListenerAdapter.java:149)
	at org.springframework.amqp.rabbit.listener.AbstractMessageListenerContainer.doInvokeListener(AbstractMessageListenerContainer.java:1682)
	at org.springframework.amqp.rabbit.listener.AbstractMessageListenerContainer.actualInvokeListener(AbstractMessageListenerContainer.java:1604)
	at org.springframework.amqp.rabbit.listener.AbstractMessageListenerContainer.invokeListener(AbstractMessageListenerContainer.java:1592)
	at org.springframework.amqp.rabbit.listener.AbstractMessageListenerContainer.doExecuteListener(AbstractMessageListenerContainer.java:1583)
	at org.springframework.amqp.rabbit.listener.AbstractMessageListenerContainer.executeListenerAndHandleException(AbstractMessageListenerContainer.java:1528)
	at org.springframework.amqp.rabbit.listener.AbstractMessageListenerContainer.lambda$executeListener$8(AbstractMessageListenerContainer.java:1506)
	at io.micrometer.observation.Observation.observe(Observation.java:499)
	at org.springframework.amqp.rabbit.listener.AbstractMessageListenerContainer.executeListener(AbstractMessageListenerContainer.java:1506)
	at org.springframework.amqp.rabbit.listener.SimpleMessageListenerContainer.doReceiveAndExecute(SimpleMessageListenerContainer.java:1082)
	at org.springframework.amqp.rabbit.listener.SimpleMessageListenerContainer.receiveAndExecute(SimpleMessageListenerContainer.java:1018)
	at org.springframework.amqp.rabbit.listener.SimpleMessageListenerContainer$AsyncMessageProcessingConsumer.mainLoop(SimpleMessageListenerContainer.java:1420)
	at org.springframework.amqp.rabbit.listener.SimpleMessageListenerContainer$AsyncMessageProcessingConsumer.run(SimpleMessageListenerContainer.java:1322)
	at java.base/java.lang.Thread.run(Unknown Source)
